ERROR - 2024-02-22 09:54:37 --> mysqli_sql_exception: Table 'greenshift.groupe' doesn't exist in /Applications/MAMP/htdocs/greenshift/system/Database/MySQLi/Connection.php:306
Stack trace:
#0 /Applications/MAMP/htdocs/greenshift/system/Database/MySQLi/Connection.php(306): mysqli->query('SELECT *\nFROM `...', 0)
#1 /Applications/MAMP/htdocs/greenshift/system/Database/BaseConnection.php(693): CodeIgniter\Database\MySQLi\Connection->execute('SELECT *\nFROM `...')
#2 /Applications/MAMP/htdocs/greenshift/system/Database/BaseConnection.php(607): CodeIgniter\Database\BaseConnection->simpleQuery('SELECT *\nFROM `...')
#3 /Applications/MAMP/htdocs/greenshift/system/Database/BaseBuilder.php(1616): CodeIgniter\Database\BaseConnection->query('SELECT *\nFROM `...', Array, false)
#4 /Applications/MAMP/htdocs/greenshift/system/Model.php(202): CodeIgniter\Database\BaseBuilder->get()
#5 /Applications/MAMP/htdocs/greenshift/system/BaseModel.php(577): CodeIgniter\Model->doFind(false, NULL)
#6 /Applications/MAMP/htdocs/greenshift/app/Models/GroupesModel.php(26): CodeIgniter\BaseModel->find()
#7 /Applications/MAMP/htdocs/greenshift/app/Controllers/Groupes.php(38): App\Models\GroupesModel->getEtudiantsByIdGroupes('36')
#8 /Applications/MAMP/htdocs/greenshift/system/CodeIgniter.php(941): App\Controllers\Groupes->choose()
#9 /Applications/MAMP/htdocs/greenshift/system/CodeIgniter.php(502): CodeIgniter\CodeIgniter->runController(Object(App\Controllers\Groupes))
#10 /Applications/MAMP/htdocs/greenshift/system/CodeIgniter.php(361): CodeIgniter\CodeIgniter->handleRequest(NULL, Object(Config\Cache), false)
#11 /Applications/MAMP/htdocs/greenshift/public/index.php(79): CodeIgniter\CodeIgniter->run()
#12 {main}
CRITICAL - 2024-02-22 09:54:37 --> CodeIgniter\Database\Exceptions\DatabaseException: Table 'greenshift.groupe' doesn't exist
in SYSTEMPATH/Database/BaseConnection.php on line 647.
 1 SYSTEMPATH/Database/BaseBuilder.php(1616): CodeIgniter\Database\BaseConnection->query('SELECT *
FROM `groupe`
JOIN `inscription` ON `groupe`.`id_groupe`=`inscription`.`groupe_id`
JOIN `etudiant` ON `etudiant`.`id_etudiant`=`inscription`.`etudiant_id`
WHERE `groupe`.`id_groupe` = :groupe.id_groupe:
ORDER BY `etudiant`.`nom_etudiant` ASC', [...], false)
 2 SYSTEMPATH/Model.php(202): CodeIgniter\Database\BaseBuilder->get()
 3 SYSTEMPATH/BaseModel.php(577): CodeIgniter\Model->doFind(false, null)
 4 APPPATH/Models/GroupesModel.php(26): CodeIgniter\BaseModel->find()
 5 APPPATH/Controllers/Groupes.php(38): App\Models\GroupesModel->getEtudiantsByIdGroupes('36')
 6 SYSTEMPATH/CodeIgniter.php(941): App\Controllers\Groupes->choose()
 7 SYSTEMPATH/CodeIgniter.php(502): CodeIgniter\CodeIgniter->runController(Object(App\Controllers\Groupes))
 8 SYSTEMPATH/CodeIgniter.php(361): CodeIgniter\CodeIgniter->handleRequest(null, Object(Config\Cache), false)
 9 FCPATH/index.php(79): CodeIgniter\CodeIgniter->run()
CRITICAL - 2024-02-22 09:54:37 --> [Caused by] CodeIgniter\Database\Exceptions\DatabaseException: Table 'greenshift.groupe' doesn't exist
in SYSTEMPATH/Database/MySQLi/Connection.php on line 311.
 1 SYSTEMPATH/Database/BaseConnection.php(693): CodeIgniter\Database\MySQLi\Connection->execute('SELECT *
FROM `groupe`
JOIN `inscription` ON `groupe`.`id_groupe`=`inscription`.`groupe_id`
JOIN `etudiant` ON `etudiant`.`id_etudiant`=`inscription`.`etudiant_id`
WHERE `groupe`.`id_groupe` = \'36\'
ORDER BY `etudiant`.`nom_etudiant` ASC')
 2 SYSTEMPATH/Database/BaseConnection.php(607): CodeIgniter\Database\BaseConnection->simpleQuery('SELECT *
FROM `groupe`
JOIN `inscription` ON `groupe`.`id_groupe`=`inscription`.`groupe_id`
JOIN `etudiant` ON `etudiant`.`id_etudiant`=`inscription`.`etudiant_id`
WHERE `groupe`.`id_groupe` = \'36\'
ORDER BY `etudiant`.`nom_etudiant` ASC')
 3 SYSTEMPATH/Database/BaseBuilder.php(1616): CodeIgniter\Database\BaseConnection->query('SELECT *
FROM `groupe`
JOIN `inscription` ON `groupe`.`id_groupe`=`inscription`.`groupe_id`
JOIN `etudiant` ON `etudiant`.`id_etudiant`=`inscription`.`etudiant_id`
WHERE `groupe`.`id_groupe` = :groupe.id_groupe:
ORDER BY `etudiant`.`nom_etudiant` ASC', [...], false)
 4 SYSTEMPATH/Model.php(202): CodeIgniter\Database\BaseBuilder->get()
 5 SYSTEMPATH/BaseModel.php(577): CodeIgniter\Model->doFind(false, null)
 6 APPPATH/Models/GroupesModel.php(26): CodeIgniter\BaseModel->find()
 7 APPPATH/Controllers/Groupes.php(38): App\Models\GroupesModel->getEtudiantsByIdGroupes('36')
 8 SYSTEMPATH/CodeIgniter.php(941): App\Controllers\Groupes->choose()
 9 SYSTEMPATH/CodeIgniter.php(502): CodeIgniter\CodeIgniter->runController(Object(App\Controllers\Groupes))
10 SYSTEMPATH/CodeIgniter.php(361): CodeIgniter\CodeIgniter->handleRequest(null, Object(Config\Cache), false)
11 FCPATH/index.php(79): CodeIgniter\CodeIgniter->run()
CRITICAL - 2024-02-22 09:54:37 --> [Caused by] mysqli_sql_exception: Table 'greenshift.groupe' doesn't exist
in SYSTEMPATH/Database/MySQLi/Connection.php on line 306.
 1 SYSTEMPATH/Database/MySQLi/Connection.php(306): mysqli->query('SELECT *
FROM `groupe`
JOIN `inscription` ON `groupe`.`id_groupe`=`inscription`.`groupe_id`
JOIN `etudiant` ON `etudiant`.`id_etudiant`=`inscription`.`etudiant_id`
WHERE `groupe`.`id_groupe` = \'36\'
ORDER BY `etudiant`.`nom_etudiant` ASC', 0)
 2 SYSTEMPATH/Database/BaseConnection.php(693): CodeIgniter\Database\MySQLi\Connection->execute('SELECT *
FROM `groupe`
JOIN `inscription` ON `groupe`.`id_groupe`=`inscription`.`groupe_id`
JOIN `etudiant` ON `etudiant`.`id_etudiant`=`inscription`.`etudiant_id`
WHERE `groupe`.`id_groupe` = \'36\'
ORDER BY `etudiant`.`nom_etudiant` ASC')
 3 SYSTEMPATH/Database/BaseConnection.php(607): CodeIgniter\Database\BaseConnection->simpleQuery('SELECT *
FROM `groupe`
JOIN `inscription` ON `groupe`.`id_groupe`=`inscription`.`groupe_id`
JOIN `etudiant` ON `etudiant`.`id_etudiant`=`inscription`.`etudiant_id`
WHERE `groupe`.`id_groupe` = \'36\'
ORDER BY `etudiant`.`nom_etudiant` ASC')
 4 SYSTEMPATH/Database/BaseBuilder.php(1616): CodeIgniter\Database\BaseConnection->query('SELECT *
FROM `groupe`
JOIN `inscription` ON `groupe`.`id_groupe`=`inscription`.`groupe_id`
JOIN `etudiant` ON `etudiant`.`id_etudiant`=`inscription`.`etudiant_id`
WHERE `groupe`.`id_groupe` = :groupe.id_groupe:
ORDER BY `etudiant`.`nom_etudiant` ASC', [...], false)
 5 SYSTEMPATH/Model.php(202): CodeIgniter\Database\BaseBuilder->get()
 6 SYSTEMPATH/BaseModel.php(577): CodeIgniter\Model->doFind(false, null)
 7 APPPATH/Models/GroupesModel.php(26): CodeIgniter\BaseModel->find()
 8 APPPATH/Controllers/Groupes.php(38): App\Models\GroupesModel->getEtudiantsByIdGroupes('36')
 9 SYSTEMPATH/CodeIgniter.php(941): App\Controllers\Groupes->choose()
10 SYSTEMPATH/CodeIgniter.php(502): CodeIgniter\CodeIgniter->runController(Object(App\Controllers\Groupes))
11 SYSTEMPATH/CodeIgniter.php(361): CodeIgniter\CodeIgniter->handleRequest(null, Object(Config\Cache), false)
12 FCPATH/index.php(79): CodeIgniter\CodeIgniter->run()
ERROR - 2024-02-22 10:14:01 --> mysqli_sql_exception: Table 'greenshift.groupe' doesn't exist in /Applications/MAMP/htdocs/greenshift/system/Database/MySQLi/Connection.php:306
Stack trace:
#0 /Applications/MAMP/htdocs/greenshift/system/Database/MySQLi/Connection.php(306): mysqli->query('SELECT *\nFROM `...', 0)
#1 /Applications/MAMP/htdocs/greenshift/system/Database/BaseConnection.php(693): CodeIgniter\Database\MySQLi\Connection->execute('SELECT *\nFROM `...')
#2 /Applications/MAMP/htdocs/greenshift/system/Database/BaseConnection.php(607): CodeIgniter\Database\BaseConnection->simpleQuery('SELECT *\nFROM `...')
#3 /Applications/MAMP/htdocs/greenshift/system/Database/BaseBuilder.php(1616): CodeIgniter\Database\BaseConnection->query('SELECT *\nFROM `...', Array, false)
#4 /Applications/MAMP/htdocs/greenshift/system/Model.php(202): CodeIgniter\Database\BaseBuilder->get()
#5 /Applications/MAMP/htdocs/greenshift/system/BaseModel.php(577): CodeIgniter\Model->doFind(false, NULL)
#6 /Applications/MAMP/htdocs/greenshift/app/Models/GroupesModel.php(15): CodeIgniter\BaseModel->find()
#7 /Applications/MAMP/htdocs/greenshift/app/Controllers/Groupes.php(16): App\Models\GroupesModel->getGroupes()
#8 /Applications/MAMP/htdocs/greenshift/system/CodeIgniter.php(941): App\Controllers\Groupes->index()
#9 /Applications/MAMP/htdocs/greenshift/system/CodeIgniter.php(502): CodeIgniter\CodeIgniter->runController(Object(App\Controllers\Groupes))
#10 /Applications/MAMP/htdocs/greenshift/system/CodeIgniter.php(361): CodeIgniter\CodeIgniter->handleRequest(NULL, Object(Config\Cache), false)
#11 /Applications/MAMP/htdocs/greenshift/public/index.php(79): CodeIgniter\CodeIgniter->run()
#12 {main}
CRITICAL - 2024-02-22 10:14:01 --> CodeIgniter\Database\Exceptions\DatabaseException: Table 'greenshift.groupe' doesn't exist
in SYSTEMPATH/Database/BaseConnection.php on line 647.
 1 SYSTEMPATH/Database/BaseBuilder.php(1616): CodeIgniter\Database\BaseConnection->query('SELECT *
FROM `groupe`
ORDER BY `libelle_groupe` ASC', [], false)
 2 SYSTEMPATH/Model.php(202): CodeIgniter\Database\BaseBuilder->get()
 3 SYSTEMPATH/BaseModel.php(577): CodeIgniter\Model->doFind(false, null)
 4 APPPATH/Models/GroupesModel.php(15): CodeIgniter\BaseModel->find()
 5 APPPATH/Controllers/Groupes.php(16): App\Models\GroupesModel->getGroupes()
 6 SYSTEMPATH/CodeIgniter.php(941): App\Controllers\Groupes->index()
 7 SYSTEMPATH/CodeIgniter.php(502): CodeIgniter\CodeIgniter->runController(Object(App\Controllers\Groupes))
 8 SYSTEMPATH/CodeIgniter.php(361): CodeIgniter\CodeIgniter->handleRequest(null, Object(Config\Cache), false)
 9 FCPATH/index.php(79): CodeIgniter\CodeIgniter->run()
CRITICAL - 2024-02-22 10:14:01 --> [Caused by] CodeIgniter\Database\Exceptions\DatabaseException: Table 'greenshift.groupe' doesn't exist
in SYSTEMPATH/Database/MySQLi/Connection.php on line 311.
 1 SYSTEMPATH/Database/BaseConnection.php(693): CodeIgniter\Database\MySQLi\Connection->execute('SELECT *
FROM `groupe`
ORDER BY `libelle_groupe` ASC')
 2 SYSTEMPATH/Database/BaseConnection.php(607): CodeIgniter\Database\BaseConnection->simpleQuery('SELECT *
FROM `groupe`
ORDER BY `libelle_groupe` ASC')
 3 SYSTEMPATH/Database/BaseBuilder.php(1616): CodeIgniter\Database\BaseConnection->query('SELECT *
FROM `groupe`
ORDER BY `libelle_groupe` ASC', [], false)
 4 SYSTEMPATH/Model.php(202): CodeIgniter\Database\BaseBuilder->get()
 5 SYSTEMPATH/BaseModel.php(577): CodeIgniter\Model->doFind(false, null)
 6 APPPATH/Models/GroupesModel.php(15): CodeIgniter\BaseModel->find()
 7 APPPATH/Controllers/Groupes.php(16): App\Models\GroupesModel->getGroupes()
 8 SYSTEMPATH/CodeIgniter.php(941): App\Controllers\Groupes->index()
 9 SYSTEMPATH/CodeIgniter.php(502): CodeIgniter\CodeIgniter->runController(Object(App\Controllers\Groupes))
10 SYSTEMPATH/CodeIgniter.php(361): CodeIgniter\CodeIgniter->handleRequest(null, Object(Config\Cache), false)
11 FCPATH/index.php(79): CodeIgniter\CodeIgniter->run()
CRITICAL - 2024-02-22 10:14:01 --> [Caused by] mysqli_sql_exception: Table 'greenshift.groupe' doesn't exist
in SYSTEMPATH/Database/MySQLi/Connection.php on line 306.
 1 SYSTEMPATH/Database/MySQLi/Connection.php(306): mysqli->query('SELECT *
FROM `groupe`
ORDER BY `libelle_groupe` ASC', 0)
 2 SYSTEMPATH/Database/BaseConnection.php(693): CodeIgniter\Database\MySQLi\Connection->execute('SELECT *
FROM `groupe`
ORDER BY `libelle_groupe` ASC')
 3 SYSTEMPATH/Database/BaseConnection.php(607): CodeIgniter\Database\BaseConnection->simpleQuery('SELECT *
FROM `groupe`
ORDER BY `libelle_groupe` ASC')
 4 SYSTEMPATH/Database/BaseBuilder.php(1616): CodeIgniter\Database\BaseConnection->query('SELECT *
FROM `groupe`
ORDER BY `libelle_groupe` ASC', [], false)
 5 SYSTEMPATH/Model.php(202): CodeIgniter\Database\BaseBuilder->get()
 6 SYSTEMPATH/BaseModel.php(577): CodeIgniter\Model->doFind(false, null)
 7 APPPATH/Models/GroupesModel.php(15): CodeIgniter\BaseModel->find()
 8 APPPATH/Controllers/Groupes.php(16): App\Models\GroupesModel->getGroupes()
 9 SYSTEMPATH/CodeIgniter.php(941): App\Controllers\Groupes->index()
10 SYSTEMPATH/CodeIgniter.php(502): CodeIgniter\CodeIgniter->runController(Object(App\Controllers\Groupes))
11 SYSTEMPATH/CodeIgniter.php(361): CodeIgniter\CodeIgniter->handleRequest(null, Object(Config\Cache), false)
12 FCPATH/index.php(79): CodeIgniter\CodeIgniter->run()
ERROR - 2024-02-22 10:14:03 --> mysqli_sql_exception: Table 'greenshift.groupe' doesn't exist in /Applications/MAMP/htdocs/greenshift/system/Database/MySQLi/Connection.php:306
Stack trace:
#0 /Applications/MAMP/htdocs/greenshift/system/Database/MySQLi/Connection.php(306): mysqli->query('SELECT *\nFROM `...', 0)
#1 /Applications/MAMP/htdocs/greenshift/system/Database/BaseConnection.php(693): CodeIgniter\Database\MySQLi\Connection->execute('SELECT *\nFROM `...')
#2 /Applications/MAMP/htdocs/greenshift/system/Database/BaseConnection.php(607): CodeIgniter\Database\BaseConnection->simpleQuery('SELECT *\nFROM `...')
#3 /Applications/MAMP/htdocs/greenshift/system/Database/BaseBuilder.php(1616): CodeIgniter\Database\BaseConnection->query('SELECT *\nFROM `...', Array, false)
#4 /Applications/MAMP/htdocs/greenshift/system/Model.php(202): CodeIgniter\Database\BaseBuilder->get()
#5 /Applications/MAMP/htdocs/greenshift/system/BaseModel.php(577): CodeIgniter\Model->doFind(false, NULL)
#6 /Applications/MAMP/htdocs/greenshift/app/Models/GroupesModel.php(26): CodeIgniter\BaseModel->find()
#7 /Applications/MAMP/htdocs/greenshift/app/Controllers/Groupes.php(38): App\Models\GroupesModel->getEtudiantsByIdGroupes('36')
#8 /Applications/MAMP/htdocs/greenshift/system/CodeIgniter.php(941): App\Controllers\Groupes->choose()
#9 /Applications/MAMP/htdocs/greenshift/system/CodeIgniter.php(502): CodeIgniter\CodeIgniter->runController(Object(App\Controllers\Groupes))
#10 /Applications/MAMP/htdocs/greenshift/system/CodeIgniter.php(361): CodeIgniter\CodeIgniter->handleRequest(NULL, Object(Config\Cache), false)
#11 /Applications/MAMP/htdocs/greenshift/public/index.php(79): CodeIgniter\CodeIgniter->run()
#12 {main}
CRITICAL - 2024-02-22 10:14:03 --> CodeIgniter\Database\Exceptions\DatabaseException: Table 'greenshift.groupe' doesn't exist
in SYSTEMPATH/Database/BaseConnection.php on line 647.
 1 SYSTEMPATH/Database/BaseBuilder.php(1616): CodeIgniter\Database\BaseConnection->query('SELECT *
FROM `groupe`
JOIN `inscription` ON `groupe`.`id_groupe`=`inscription`.`groupe_id`
JOIN `etudiant` ON `etudiant`.`id_etudiant`=`inscription`.`etudiant_id`
WHERE `groupe`.`id_groupe` = :groupe.id_groupe:
ORDER BY `etudiant`.`nom_etudiant` ASC', [...], false)
 2 SYSTEMPATH/Model.php(202): CodeIgniter\Database\BaseBuilder->get()
 3 SYSTEMPATH/BaseModel.php(577): CodeIgniter\Model->doFind(false, null)
 4 APPPATH/Models/GroupesModel.php(26): CodeIgniter\BaseModel->find()
 5 APPPATH/Controllers/Groupes.php(38): App\Models\GroupesModel->getEtudiantsByIdGroupes('36')
 6 SYSTEMPATH/CodeIgniter.php(941): App\Controllers\Groupes->choose()
 7 SYSTEMPATH/CodeIgniter.php(502): CodeIgniter\CodeIgniter->runController(Object(App\Controllers\Groupes))
 8 SYSTEMPATH/CodeIgniter.php(361): CodeIgniter\CodeIgniter->handleRequest(null, Object(Config\Cache), false)
 9 FCPATH/index.php(79): CodeIgniter\CodeIgniter->run()
CRITICAL - 2024-02-22 10:14:03 --> [Caused by] CodeIgniter\Database\Exceptions\DatabaseException: Table 'greenshift.groupe' doesn't exist
in SYSTEMPATH/Database/MySQLi/Connection.php on line 311.
 1 SYSTEMPATH/Database/BaseConnection.php(693): CodeIgniter\Database\MySQLi\Connection->execute('SELECT *
FROM `groupe`
JOIN `inscription` ON `groupe`.`id_groupe`=`inscription`.`groupe_id`
JOIN `etudiant` ON `etudiant`.`id_etudiant`=`inscription`.`etudiant_id`
WHERE `groupe`.`id_groupe` = \'36\'
ORDER BY `etudiant`.`nom_etudiant` ASC')
 2 SYSTEMPATH/Database/BaseConnection.php(607): CodeIgniter\Database\BaseConnection->simpleQuery('SELECT *
FROM `groupe`
JOIN `inscription` ON `groupe`.`id_groupe`=`inscription`.`groupe_id`
JOIN `etudiant` ON `etudiant`.`id_etudiant`=`inscription`.`etudiant_id`
WHERE `groupe`.`id_groupe` = \'36\'
ORDER BY `etudiant`.`nom_etudiant` ASC')
 3 SYSTEMPATH/Database/BaseBuilder.php(1616): CodeIgniter\Database\BaseConnection->query('SELECT *
FROM `groupe`
JOIN `inscription` ON `groupe`.`id_groupe`=`inscription`.`groupe_id`
JOIN `etudiant` ON `etudiant`.`id_etudiant`=`inscription`.`etudiant_id`
WHERE `groupe`.`id_groupe` = :groupe.id_groupe:
ORDER BY `etudiant`.`nom_etudiant` ASC', [...], false)
 4 SYSTEMPATH/Model.php(202): CodeIgniter\Database\BaseBuilder->get()
 5 SYSTEMPATH/BaseModel.php(577): CodeIgniter\Model->doFind(false, null)
 6 APPPATH/Models/GroupesModel.php(26): CodeIgniter\BaseModel->find()
 7 APPPATH/Controllers/Groupes.php(38): App\Models\GroupesModel->getEtudiantsByIdGroupes('36')
 8 SYSTEMPATH/CodeIgniter.php(941): App\Controllers\Groupes->choose()
 9 SYSTEMPATH/CodeIgniter.php(502): CodeIgniter\CodeIgniter->runController(Object(App\Controllers\Groupes))
10 SYSTEMPATH/CodeIgniter.php(361): CodeIgniter\CodeIgniter->handleRequest(null, Object(Config\Cache), false)
11 FCPATH/index.php(79): CodeIgniter\CodeIgniter->run()
CRITICAL - 2024-02-22 10:14:03 --> [Caused by] mysqli_sql_exception: Table 'greenshift.groupe' doesn't exist
in SYSTEMPATH/Database/MySQLi/Connection.php on line 306.
 1 SYSTEMPATH/Database/MySQLi/Connection.php(306): mysqli->query('SELECT *
FROM `groupe`
JOIN `inscription` ON `groupe`.`id_groupe`=`inscription`.`groupe_id`
JOIN `etudiant` ON `etudiant`.`id_etudiant`=`inscription`.`etudiant_id`
WHERE `groupe`.`id_groupe` = \'36\'
ORDER BY `etudiant`.`nom_etudiant` ASC', 0)
 2 SYSTEMPATH/Database/BaseConnection.php(693): CodeIgniter\Database\MySQLi\Connection->execute('SELECT *
FROM `groupe`
JOIN `inscription` ON `groupe`.`id_groupe`=`inscription`.`groupe_id`
JOIN `etudiant` ON `etudiant`.`id_etudiant`=`inscription`.`etudiant_id`
WHERE `groupe`.`id_groupe` = \'36\'
ORDER BY `etudiant`.`nom_etudiant` ASC')
 3 SYSTEMPATH/Database/BaseConnection.php(607): CodeIgniter\Database\BaseConnection->simpleQuery('SELECT *
FROM `groupe`
JOIN `inscription` ON `groupe`.`id_groupe`=`inscription`.`groupe_id`
JOIN `etudiant` ON `etudiant`.`id_etudiant`=`inscription`.`etudiant_id`
WHERE `groupe`.`id_groupe` = \'36\'
ORDER BY `etudiant`.`nom_etudiant` ASC')
 4 SYSTEMPATH/Database/BaseBuilder.php(1616): CodeIgniter\Database\BaseConnection->query('SELECT *
FROM `groupe`
JOIN `inscription` ON `groupe`.`id_groupe`=`inscription`.`groupe_id`
JOIN `etudiant` ON `etudiant`.`id_etudiant`=`inscription`.`etudiant_id`
WHERE `groupe`.`id_groupe` = :groupe.id_groupe:
ORDER BY `etudiant`.`nom_etudiant` ASC', [...], false)
 5 SYSTEMPATH/Model.php(202): CodeIgniter\Database\BaseBuilder->get()
 6 SYSTEMPATH/BaseModel.php(577): CodeIgniter\Model->doFind(false, null)
 7 APPPATH/Models/GroupesModel.php(26): CodeIgniter\BaseModel->find()
 8 APPPATH/Controllers/Groupes.php(38): App\Models\GroupesModel->getEtudiantsByIdGroupes('36')
 9 SYSTEMPATH/CodeIgniter.php(941): App\Controllers\Groupes->choose()
10 SYSTEMPATH/CodeIgniter.php(502): CodeIgniter\CodeIgniter->runController(Object(App\Controllers\Groupes))
11 SYSTEMPATH/CodeIgniter.php(361): CodeIgniter\CodeIgniter->handleRequest(null, Object(Config\Cache), false)
12 FCPATH/index.php(79): CodeIgniter\CodeIgniter->run()
