ERROR - 2024-02-20 09:57:58 --> Error connecting to the database: mysqli_sql_exception: No such file or directory in /Applications/MAMP/htdocs/S4/greenshift/system/Database/MySQLi/Connection.php:184
Stack trace:
#0 /Applications/MAMP/htdocs/S4/greenshift/system/Database/MySQLi/Connection.php(184): mysqli->real_connect('localhost', '', Object(SensitiveParameterValue), '', 3306, '', 0)
#1 /Applications/MAMP/htdocs/S4/greenshift/system/Database/BaseConnection.php(392): CodeIgniter\Database\MySQLi\Connection->connect(false)
#2 /Applications/MAMP/htdocs/S4/greenshift/system/Database/BaseConnection.php(575): CodeIgniter\Database\BaseConnection->initialize()
#3 /Applications/MAMP/htdocs/S4/greenshift/system/Database/BaseBuilder.php(1616): CodeIgniter\Database\BaseConnection->query('SELECT *\nFROM `...', Array, false)
#4 /Applications/MAMP/htdocs/S4/greenshift/system/Model.php(202): CodeIgniter\Database\BaseBuilder->get()
#5 /Applications/MAMP/htdocs/S4/greenshift/system/BaseModel.php(577): CodeIgniter\Model->doFind(false, NULL)
#6 /Applications/MAMP/htdocs/S4/greenshift/app/Models/EtudiantsModel.php(15): CodeIgniter\BaseModel->find()
#7 /Applications/MAMP/htdocs/S4/greenshift/app/Controllers/Etudiants.php(16): App\Models\EtudiantsModel->getEtudiants()
#8 /Applications/MAMP/htdocs/S4/greenshift/system/CodeIgniter.php(941): App\Controllers\Etudiants->index()
#9 /Applications/MAMP/htdocs/S4/greenshift/system/CodeIgniter.php(502): CodeIgniter\CodeIgniter->runController(Object(App\Controllers\Etudiants))
#10 /Applications/MAMP/htdocs/S4/greenshift/system/CodeIgniter.php(361): CodeIgniter\CodeIgniter->handleRequest(NULL, Object(Config\Cache), false)
#11 /Applications/MAMP/htdocs/S4/greenshift/public/index.php(79): CodeIgniter\CodeIgniter->run()
#12 /Applications/MAMP/htdocs/S4/greenshift/system/Commands/Server/rewrite.php(47): require_once('/Applications/M...')
#13 {main}

Next CodeIgniter\Database\Exceptions\DatabaseException: No such file or directory in /Applications/MAMP/htdocs/S4/greenshift/system/Database/MySQLi/Connection.php:229
Stack trace:
#0 /Applications/MAMP/htdocs/S4/greenshift/system/Database/BaseConnection.php(392): CodeIgniter\Database\MySQLi\Connection->connect(false)
#1 /Applications/MAMP/htdocs/S4/greenshift/system/Database/BaseConnection.php(575): CodeIgniter\Database\BaseConnection->initialize()
#2 /Applications/MAMP/htdocs/S4/greenshift/system/Database/BaseBuilder.php(1616): CodeIgniter\Database\BaseConnection->query('SELECT *\nFROM `...', Array, false)
#3 /Applications/MAMP/htdocs/S4/greenshift/system/Model.php(202): CodeIgniter\Database\BaseBuilder->get()
#4 /Applications/MAMP/htdocs/S4/greenshift/system/BaseModel.php(577): CodeIgniter\Model->doFind(false, NULL)
#5 /Applications/MAMP/htdocs/S4/greenshift/app/Models/EtudiantsModel.php(15): CodeIgniter\BaseModel->find()
#6 /Applications/MAMP/htdocs/S4/greenshift/app/Controllers/Etudiants.php(16): App\Models\EtudiantsModel->getEtudiants()
#7 /Applications/MAMP/htdocs/S4/greenshift/system/CodeIgniter.php(941): App\Controllers\Etudiants->index()
#8 /Applications/MAMP/htdocs/S4/greenshift/system/CodeIgniter.php(502): CodeIgniter\CodeIgniter->runController(Object(App\Controllers\Etudiants))
#9 /Applications/MAMP/htdocs/S4/greenshift/system/CodeIgniter.php(361): CodeIgniter\CodeIgniter->handleRequest(NULL, Object(Config\Cache), false)
#10 /Applications/MAMP/htdocs/S4/greenshift/public/index.php(79): CodeIgniter\CodeIgniter->run()
#11 /Applications/MAMP/htdocs/S4/greenshift/system/Commands/Server/rewrite.php(47): require_once('/Applications/M...')
#12 {main}
CRITICAL - 2024-02-20 09:57:58 --> CodeIgniter\Database\Exceptions\DatabaseException: Unable to connect to the database.
Main connection [MySQLi]: No such file or directory
in SYSTEMPATH/Database/BaseConnection.php on line 428.
 1 SYSTEMPATH/Database/BaseConnection.php(575): CodeIgniter\Database\BaseConnection->initialize()
 2 SYSTEMPATH/Database/BaseBuilder.php(1616): CodeIgniter\Database\BaseConnection->query('SELECT *
FROM `etudiant`
ORDER BY `nom_etudiant` ASC', [], false)
 3 SYSTEMPATH/Model.php(202): CodeIgniter\Database\BaseBuilder->get()
 4 SYSTEMPATH/BaseModel.php(577): CodeIgniter\Model->doFind(false, null)
 5 APPPATH/Models/EtudiantsModel.php(15): CodeIgniter\BaseModel->find()
 6 APPPATH/Controllers/Etudiants.php(16): App\Models\EtudiantsModel->getEtudiants()
 7 SYSTEMPATH/CodeIgniter.php(941): App\Controllers\Etudiants->index()
 8 SYSTEMPATH/CodeIgniter.php(502): CodeIgniter\CodeIgniter->runController(Object(App\Controllers\Etudiants))
 9 SYSTEMPATH/CodeIgniter.php(361): CodeIgniter\CodeIgniter->handleRequest(null, Object(Config\Cache), false)
10 FCPATH/index.php(79): CodeIgniter\CodeIgniter->run()
11 SYSTEMPATH/Commands/Server/rewrite.php(47): require_once('/Applications/MAMP/htdocs/S4/greenshift/public/index.php')
ERROR - 2024-02-20 09:57:59 --> Error connecting to the database: mysqli_sql_exception: No such file or directory in /Applications/MAMP/htdocs/S4/greenshift/system/Database/MySQLi/Connection.php:184
Stack trace:
#0 /Applications/MAMP/htdocs/S4/greenshift/system/Database/MySQLi/Connection.php(184): mysqli->real_connect('localhost', '', Object(SensitiveParameterValue), '', 3306, '', 0)
#1 /Applications/MAMP/htdocs/S4/greenshift/system/Database/BaseConnection.php(392): CodeIgniter\Database\MySQLi\Connection->connect(false)
#2 /Applications/MAMP/htdocs/S4/greenshift/system/Database/BaseConnection.php(575): CodeIgniter\Database\BaseConnection->initialize()
#3 /Applications/MAMP/htdocs/S4/greenshift/system/Database/BaseBuilder.php(1616): CodeIgniter\Database\BaseConnection->query('SELECT *\nFROM `...', Array, false)
#4 /Applications/MAMP/htdocs/S4/greenshift/system/Model.php(202): CodeIgniter\Database\BaseBuilder->get()
#5 /Applications/MAMP/htdocs/S4/greenshift/system/BaseModel.php(577): CodeIgniter\Model->doFind(false, NULL)
#6 /Applications/MAMP/htdocs/S4/greenshift/app/Models/EtudiantsModel.php(15): CodeIgniter\BaseModel->find()
#7 /Applications/MAMP/htdocs/S4/greenshift/app/Controllers/Etudiants.php(16): App\Models\EtudiantsModel->getEtudiants()
#8 /Applications/MAMP/htdocs/S4/greenshift/system/CodeIgniter.php(941): App\Controllers\Etudiants->index()
#9 /Applications/MAMP/htdocs/S4/greenshift/system/CodeIgniter.php(502): CodeIgniter\CodeIgniter->runController(Object(App\Controllers\Etudiants))
#10 /Applications/MAMP/htdocs/S4/greenshift/system/CodeIgniter.php(361): CodeIgniter\CodeIgniter->handleRequest(NULL, Object(Config\Cache), false)
#11 /Applications/MAMP/htdocs/S4/greenshift/public/index.php(79): CodeIgniter\CodeIgniter->run()
#12 /Applications/MAMP/htdocs/S4/greenshift/system/Commands/Server/rewrite.php(47): require_once('/Applications/M...')
#13 {main}

Next CodeIgniter\Database\Exceptions\DatabaseException: No such file or directory in /Applications/MAMP/htdocs/S4/greenshift/system/Database/MySQLi/Connection.php:229
Stack trace:
#0 /Applications/MAMP/htdocs/S4/greenshift/system/Database/BaseConnection.php(392): CodeIgniter\Database\MySQLi\Connection->connect(false)
#1 /Applications/MAMP/htdocs/S4/greenshift/system/Database/BaseConnection.php(575): CodeIgniter\Database\BaseConnection->initialize()
#2 /Applications/MAMP/htdocs/S4/greenshift/system/Database/BaseBuilder.php(1616): CodeIgniter\Database\BaseConnection->query('SELECT *\nFROM `...', Array, false)
#3 /Applications/MAMP/htdocs/S4/greenshift/system/Model.php(202): CodeIgniter\Database\BaseBuilder->get()
#4 /Applications/MAMP/htdocs/S4/greenshift/system/BaseModel.php(577): CodeIgniter\Model->doFind(false, NULL)
#5 /Applications/MAMP/htdocs/S4/greenshift/app/Models/EtudiantsModel.php(15): CodeIgniter\BaseModel->find()
#6 /Applications/MAMP/htdocs/S4/greenshift/app/Controllers/Etudiants.php(16): App\Models\EtudiantsModel->getEtudiants()
#7 /Applications/MAMP/htdocs/S4/greenshift/system/CodeIgniter.php(941): App\Controllers\Etudiants->index()
#8 /Applications/MAMP/htdocs/S4/greenshift/system/CodeIgniter.php(502): CodeIgniter\CodeIgniter->runController(Object(App\Controllers\Etudiants))
#9 /Applications/MAMP/htdocs/S4/greenshift/system/CodeIgniter.php(361): CodeIgniter\CodeIgniter->handleRequest(NULL, Object(Config\Cache), false)
#10 /Applications/MAMP/htdocs/S4/greenshift/public/index.php(79): CodeIgniter\CodeIgniter->run()
#11 /Applications/MAMP/htdocs/S4/greenshift/system/Commands/Server/rewrite.php(47): require_once('/Applications/M...')
#12 {main}
CRITICAL - 2024-02-20 09:57:59 --> CodeIgniter\Database\Exceptions\DatabaseException: Unable to connect to the database.
Main connection [MySQLi]: No such file or directory
in SYSTEMPATH/Database/BaseConnection.php on line 428.
 1 SYSTEMPATH/Database/BaseConnection.php(575): CodeIgniter\Database\BaseConnection->initialize()
 2 SYSTEMPATH/Database/BaseBuilder.php(1616): CodeIgniter\Database\BaseConnection->query('SELECT *
FROM `etudiant`
ORDER BY `nom_etudiant` ASC', [], false)
 3 SYSTEMPATH/Model.php(202): CodeIgniter\Database\BaseBuilder->get()
 4 SYSTEMPATH/BaseModel.php(577): CodeIgniter\Model->doFind(false, null)
 5 APPPATH/Models/EtudiantsModel.php(15): CodeIgniter\BaseModel->find()
 6 APPPATH/Controllers/Etudiants.php(16): App\Models\EtudiantsModel->getEtudiants()
 7 SYSTEMPATH/CodeIgniter.php(941): App\Controllers\Etudiants->index()
 8 SYSTEMPATH/CodeIgniter.php(502): CodeIgniter\CodeIgniter->runController(Object(App\Controllers\Etudiants))
 9 SYSTEMPATH/CodeIgniter.php(361): CodeIgniter\CodeIgniter->handleRequest(null, Object(Config\Cache), false)
10 FCPATH/index.php(79): CodeIgniter\CodeIgniter->run()
11 SYSTEMPATH/Commands/Server/rewrite.php(47): require_once('/Applications/MAMP/htdocs/S4/greenshift/public/index.php')
ERROR - 2024-02-20 09:58:05 --> Error connecting to the database: mysqli_sql_exception: No such file or directory in /Applications/MAMP/htdocs/S4/greenshift/system/Database/MySQLi/Connection.php:184
Stack trace:
#0 /Applications/MAMP/htdocs/S4/greenshift/system/Database/MySQLi/Connection.php(184): mysqli->real_connect('localhost', '', Object(SensitiveParameterValue), '', 3306, '', 0)
#1 /Applications/MAMP/htdocs/S4/greenshift/system/Database/BaseConnection.php(392): CodeIgniter\Database\MySQLi\Connection->connect(false)
#2 /Applications/MAMP/htdocs/S4/greenshift/system/Database/BaseConnection.php(575): CodeIgniter\Database\BaseConnection->initialize()
#3 /Applications/MAMP/htdocs/S4/greenshift/system/Database/BaseBuilder.php(1616): CodeIgniter\Database\BaseConnection->query('SELECT *\nFROM `...', Array, false)
#4 /Applications/MAMP/htdocs/S4/greenshift/system/Model.php(202): CodeIgniter\Database\BaseBuilder->get()
#5 /Applications/MAMP/htdocs/S4/greenshift/system/BaseModel.php(577): CodeIgniter\Model->doFind(false, NULL)
#6 /Applications/MAMP/htdocs/S4/greenshift/app/Models/EtudiantsModel.php(15): CodeIgniter\BaseModel->find()
#7 /Applications/MAMP/htdocs/S4/greenshift/app/Controllers/Etudiants.php(16): App\Models\EtudiantsModel->getEtudiants()
#8 /Applications/MAMP/htdocs/S4/greenshift/system/CodeIgniter.php(941): App\Controllers\Etudiants->index()
#9 /Applications/MAMP/htdocs/S4/greenshift/system/CodeIgniter.php(502): CodeIgniter\CodeIgniter->runController(Object(App\Controllers\Etudiants))
#10 /Applications/MAMP/htdocs/S4/greenshift/system/CodeIgniter.php(361): CodeIgniter\CodeIgniter->handleRequest(NULL, Object(Config\Cache), false)
#11 /Applications/MAMP/htdocs/S4/greenshift/public/index.php(79): CodeIgniter\CodeIgniter->run()
#12 /Applications/MAMP/htdocs/S4/greenshift/system/Commands/Server/rewrite.php(47): require_once('/Applications/M...')
#13 {main}

Next CodeIgniter\Database\Exceptions\DatabaseException: No such file or directory in /Applications/MAMP/htdocs/S4/greenshift/system/Database/MySQLi/Connection.php:229
Stack trace:
#0 /Applications/MAMP/htdocs/S4/greenshift/system/Database/BaseConnection.php(392): CodeIgniter\Database\MySQLi\Connection->connect(false)
#1 /Applications/MAMP/htdocs/S4/greenshift/system/Database/BaseConnection.php(575): CodeIgniter\Database\BaseConnection->initialize()
#2 /Applications/MAMP/htdocs/S4/greenshift/system/Database/BaseBuilder.php(1616): CodeIgniter\Database\BaseConnection->query('SELECT *\nFROM `...', Array, false)
#3 /Applications/MAMP/htdocs/S4/greenshift/system/Model.php(202): CodeIgniter\Database\BaseBuilder->get()
#4 /Applications/MAMP/htdocs/S4/greenshift/system/BaseModel.php(577): CodeIgniter\Model->doFind(false, NULL)
#5 /Applications/MAMP/htdocs/S4/greenshift/app/Models/EtudiantsModel.php(15): CodeIgniter\BaseModel->find()
#6 /Applications/MAMP/htdocs/S4/greenshift/app/Controllers/Etudiants.php(16): App\Models\EtudiantsModel->getEtudiants()
#7 /Applications/MAMP/htdocs/S4/greenshift/system/CodeIgniter.php(941): App\Controllers\Etudiants->index()
#8 /Applications/MAMP/htdocs/S4/greenshift/system/CodeIgniter.php(502): CodeIgniter\CodeIgniter->runController(Object(App\Controllers\Etudiants))
#9 /Applications/MAMP/htdocs/S4/greenshift/system/CodeIgniter.php(361): CodeIgniter\CodeIgniter->handleRequest(NULL, Object(Config\Cache), false)
#10 /Applications/MAMP/htdocs/S4/greenshift/public/index.php(79): CodeIgniter\CodeIgniter->run()
#11 /Applications/MAMP/htdocs/S4/greenshift/system/Commands/Server/rewrite.php(47): require_once('/Applications/M...')
#12 {main}
CRITICAL - 2024-02-20 09:58:05 --> CodeIgniter\Database\Exceptions\DatabaseException: Unable to connect to the database.
Main connection [MySQLi]: No such file or directory
in SYSTEMPATH/Database/BaseConnection.php on line 428.
 1 SYSTEMPATH/Database/BaseConnection.php(575): CodeIgniter\Database\BaseConnection->initialize()
 2 SYSTEMPATH/Database/BaseBuilder.php(1616): CodeIgniter\Database\BaseConnection->query('SELECT *
FROM `etudiant`
ORDER BY `nom_etudiant` ASC', [], false)
 3 SYSTEMPATH/Model.php(202): CodeIgniter\Database\BaseBuilder->get()
 4 SYSTEMPATH/BaseModel.php(577): CodeIgniter\Model->doFind(false, null)
 5 APPPATH/Models/EtudiantsModel.php(15): CodeIgniter\BaseModel->find()
 6 APPPATH/Controllers/Etudiants.php(16): App\Models\EtudiantsModel->getEtudiants()
 7 SYSTEMPATH/CodeIgniter.php(941): App\Controllers\Etudiants->index()
 8 SYSTEMPATH/CodeIgniter.php(502): CodeIgniter\CodeIgniter->runController(Object(App\Controllers\Etudiants))
 9 SYSTEMPATH/CodeIgniter.php(361): CodeIgniter\CodeIgniter->handleRequest(null, Object(Config\Cache), false)
10 FCPATH/index.php(79): CodeIgniter\CodeIgniter->run()
11 SYSTEMPATH/Commands/Server/rewrite.php(47): require_once('/Applications/MAMP/htdocs/S4/greenshift/public/index.php')
ERROR - 2024-02-20 09:58:13 --> Error connecting to the database: mysqli_sql_exception: No such file or directory in /Applications/MAMP/htdocs/S4/greenshift/system/Database/MySQLi/Connection.php:184
Stack trace:
#0 /Applications/MAMP/htdocs/S4/greenshift/system/Database/MySQLi/Connection.php(184): mysqli->real_connect('localhost', '', Object(SensitiveParameterValue), '', 3306, '', 0)
#1 /Applications/MAMP/htdocs/S4/greenshift/system/Database/BaseConnection.php(392): CodeIgniter\Database\MySQLi\Connection->connect(false)
#2 /Applications/MAMP/htdocs/S4/greenshift/system/Database/BaseConnection.php(575): CodeIgniter\Database\BaseConnection->initialize()
#3 /Applications/MAMP/htdocs/S4/greenshift/system/Database/BaseBuilder.php(1616): CodeIgniter\Database\BaseConnection->query('SELECT *\nFROM `...', Array, false)
#4 /Applications/MAMP/htdocs/S4/greenshift/system/Model.php(202): CodeIgniter\Database\BaseBuilder->get()
#5 /Applications/MAMP/htdocs/S4/greenshift/system/BaseModel.php(577): CodeIgniter\Model->doFind(false, NULL)
#6 /Applications/MAMP/htdocs/S4/greenshift/app/Models/GroupesModel.php(26): CodeIgniter\BaseModel->find()
#7 /Applications/MAMP/htdocs/S4/greenshift/app/Controllers/Groupes.php(38): App\Models\GroupesModel->getEtudiantsByIdGroupes('36')
#8 /Applications/MAMP/htdocs/S4/greenshift/system/CodeIgniter.php(941): App\Controllers\Groupes->choose()
#9 /Applications/MAMP/htdocs/S4/greenshift/system/CodeIgniter.php(502): CodeIgniter\CodeIgniter->runController(Object(App\Controllers\Groupes))
#10 /Applications/MAMP/htdocs/S4/greenshift/system/CodeIgniter.php(361): CodeIgniter\CodeIgniter->handleRequest(NULL, Object(Config\Cache), false)
#11 /Applications/MAMP/htdocs/S4/greenshift/public/index.php(79): CodeIgniter\CodeIgniter->run()
#12 /Applications/MAMP/htdocs/S4/greenshift/system/Commands/Server/rewrite.php(47): require_once('/Applications/M...')
#13 {main}

Next CodeIgniter\Database\Exceptions\DatabaseException: No such file or directory in /Applications/MAMP/htdocs/S4/greenshift/system/Database/MySQLi/Connection.php:229
Stack trace:
#0 /Applications/MAMP/htdocs/S4/greenshift/system/Database/BaseConnection.php(392): CodeIgniter\Database\MySQLi\Connection->connect(false)
#1 /Applications/MAMP/htdocs/S4/greenshift/system/Database/BaseConnection.php(575): CodeIgniter\Database\BaseConnection->initialize()
#2 /Applications/MAMP/htdocs/S4/greenshift/system/Database/BaseBuilder.php(1616): CodeIgniter\Database\BaseConnection->query('SELECT *\nFROM `...', Array, false)
#3 /Applications/MAMP/htdocs/S4/greenshift/system/Model.php(202): CodeIgniter\Database\BaseBuilder->get()
#4 /Applications/MAMP/htdocs/S4/greenshift/system/BaseModel.php(577): CodeIgniter\Model->doFind(false, NULL)
#5 /Applications/MAMP/htdocs/S4/greenshift/app/Models/GroupesModel.php(26): CodeIgniter\BaseModel->find()
#6 /Applications/MAMP/htdocs/S4/greenshift/app/Controllers/Groupes.php(38): App\Models\GroupesModel->getEtudiantsByIdGroupes('36')
#7 /Applications/MAMP/htdocs/S4/greenshift/system/CodeIgniter.php(941): App\Controllers\Groupes->choose()
#8 /Applications/MAMP/htdocs/S4/greenshift/system/CodeIgniter.php(502): CodeIgniter\CodeIgniter->runController(Object(App\Controllers\Groupes))
#9 /Applications/MAMP/htdocs/S4/greenshift/system/CodeIgniter.php(361): CodeIgniter\CodeIgniter->handleRequest(NULL, Object(Config\Cache), false)
#10 /Applications/MAMP/htdocs/S4/greenshift/public/index.php(79): CodeIgniter\CodeIgniter->run()
#11 /Applications/MAMP/htdocs/S4/greenshift/system/Commands/Server/rewrite.php(47): require_once('/Applications/M...')
#12 {main}
CRITICAL - 2024-02-20 09:58:13 --> CodeIgniter\Database\Exceptions\DatabaseException: Unable to connect to the database.
Main connection [MySQLi]: No such file or directory
in SYSTEMPATH/Database/BaseConnection.php on line 428.
 1 SYSTEMPATH/Database/BaseConnection.php(575): CodeIgniter\Database\BaseConnection->initialize()
 2 SYSTEMPATH/Database/BaseBuilder.php(1616): CodeIgniter\Database\BaseConnection->query('SELECT *
FROM `groupe`
JOIN `inscription` ON `groupe`.`id_groupe`=`inscription`.`groupe_id`
JOIN `etudiant` ON `etudiant`.`id_etudiant`=`inscription`.`etudiant_id`
WHERE `groupe`.`id_groupe` = :groupe.id_groupe:
ORDER BY `etudiant`.`nom_etudiant` ASC', [...], false)
 3 SYSTEMPATH/Model.php(202): CodeIgniter\Database\BaseBuilder->get()
 4 SYSTEMPATH/BaseModel.php(577): CodeIgniter\Model->doFind(false, null)
 5 APPPATH/Models/GroupesModel.php(26): CodeIgniter\BaseModel->find()
 6 APPPATH/Controllers/Groupes.php(38): App\Models\GroupesModel->getEtudiantsByIdGroupes('36')
 7 SYSTEMPATH/CodeIgniter.php(941): App\Controllers\Groupes->choose()
 8 SYSTEMPATH/CodeIgniter.php(502): CodeIgniter\CodeIgniter->runController(Object(App\Controllers\Groupes))
 9 SYSTEMPATH/CodeIgniter.php(361): CodeIgniter\CodeIgniter->handleRequest(null, Object(Config\Cache), false)
10 FCPATH/index.php(79): CodeIgniter\CodeIgniter->run()
11 SYSTEMPATH/Commands/Server/rewrite.php(47): require_once('/Applications/MAMP/htdocs/S4/greenshift/public/index.php')
ERROR - 2024-02-20 09:58:48 --> Error connecting to the database: mysqli_sql_exception: No such file or directory in /Applications/MAMP/htdocs/S4/greenshift/system/Database/MySQLi/Connection.php:184
Stack trace:
#0 /Applications/MAMP/htdocs/S4/greenshift/system/Database/MySQLi/Connection.php(184): mysqli->real_connect('localhost', '', Object(SensitiveParameterValue), '', 3306, '', 0)
#1 /Applications/MAMP/htdocs/S4/greenshift/system/Database/BaseConnection.php(392): CodeIgniter\Database\MySQLi\Connection->connect(false)
#2 /Applications/MAMP/htdocs/S4/greenshift/system/Database/BaseConnection.php(575): CodeIgniter\Database\BaseConnection->initialize()
#3 /Applications/MAMP/htdocs/S4/greenshift/system/Database/BaseBuilder.php(1616): CodeIgniter\Database\BaseConnection->query('SELECT *\nFROM `...', Array, false)
#4 /Applications/MAMP/htdocs/S4/greenshift/system/Model.php(202): CodeIgniter\Database\BaseBuilder->get()
#5 /Applications/MAMP/htdocs/S4/greenshift/system/BaseModel.php(577): CodeIgniter\Model->doFind(false, NULL)
#6 /Applications/MAMP/htdocs/S4/greenshift/app/Models/GroupesModel.php(26): CodeIgniter\BaseModel->find()
#7 /Applications/MAMP/htdocs/S4/greenshift/app/Controllers/Groupes.php(38): App\Models\GroupesModel->getEtudiantsByIdGroupes('36')
#8 /Applications/MAMP/htdocs/S4/greenshift/system/CodeIgniter.php(941): App\Controllers\Groupes->choose()
#9 /Applications/MAMP/htdocs/S4/greenshift/system/CodeIgniter.php(502): CodeIgniter\CodeIgniter->runController(Object(App\Controllers\Groupes))
#10 /Applications/MAMP/htdocs/S4/greenshift/system/CodeIgniter.php(361): CodeIgniter\CodeIgniter->handleRequest(NULL, Object(Config\Cache), false)
#11 /Applications/MAMP/htdocs/S4/greenshift/public/index.php(79): CodeIgniter\CodeIgniter->run()
#12 /Applications/MAMP/htdocs/S4/greenshift/system/Commands/Server/rewrite.php(47): require_once('/Applications/M...')
#13 {main}

Next CodeIgniter\Database\Exceptions\DatabaseException: No such file or directory in /Applications/MAMP/htdocs/S4/greenshift/system/Database/MySQLi/Connection.php:229
Stack trace:
#0 /Applications/MAMP/htdocs/S4/greenshift/system/Database/BaseConnection.php(392): CodeIgniter\Database\MySQLi\Connection->connect(false)
#1 /Applications/MAMP/htdocs/S4/greenshift/system/Database/BaseConnection.php(575): CodeIgniter\Database\BaseConnection->initialize()
#2 /Applications/MAMP/htdocs/S4/greenshift/system/Database/BaseBuilder.php(1616): CodeIgniter\Database\BaseConnection->query('SELECT *\nFROM `...', Array, false)
#3 /Applications/MAMP/htdocs/S4/greenshift/system/Model.php(202): CodeIgniter\Database\BaseBuilder->get()
#4 /Applications/MAMP/htdocs/S4/greenshift/system/BaseModel.php(577): CodeIgniter\Model->doFind(false, NULL)
#5 /Applications/MAMP/htdocs/S4/greenshift/app/Models/GroupesModel.php(26): CodeIgniter\BaseModel->find()
#6 /Applications/MAMP/htdocs/S4/greenshift/app/Controllers/Groupes.php(38): App\Models\GroupesModel->getEtudiantsByIdGroupes('36')
#7 /Applications/MAMP/htdocs/S4/greenshift/system/CodeIgniter.php(941): App\Controllers\Groupes->choose()
#8 /Applications/MAMP/htdocs/S4/greenshift/system/CodeIgniter.php(502): CodeIgniter\CodeIgniter->runController(Object(App\Controllers\Groupes))
#9 /Applications/MAMP/htdocs/S4/greenshift/system/CodeIgniter.php(361): CodeIgniter\CodeIgniter->handleRequest(NULL, Object(Config\Cache), false)
#10 /Applications/MAMP/htdocs/S4/greenshift/public/index.php(79): CodeIgniter\CodeIgniter->run()
#11 /Applications/MAMP/htdocs/S4/greenshift/system/Commands/Server/rewrite.php(47): require_once('/Applications/M...')
#12 {main}
CRITICAL - 2024-02-20 09:58:48 --> CodeIgniter\Database\Exceptions\DatabaseException: Unable to connect to the database.
Main connection [MySQLi]: No such file or directory
in SYSTEMPATH/Database/BaseConnection.php on line 428.
 1 SYSTEMPATH/Database/BaseConnection.php(575): CodeIgniter\Database\BaseConnection->initialize()
 2 SYSTEMPATH/Database/BaseBuilder.php(1616): CodeIgniter\Database\BaseConnection->query('SELECT *
FROM `groupe`
JOIN `inscription` ON `groupe`.`id_groupe`=`inscription`.`groupe_id`
JOIN `etudiant` ON `etudiant`.`id_etudiant`=`inscription`.`etudiant_id`
WHERE `groupe`.`id_groupe` = :groupe.id_groupe:
ORDER BY `etudiant`.`nom_etudiant` ASC', [...], false)
 3 SYSTEMPATH/Model.php(202): CodeIgniter\Database\BaseBuilder->get()
 4 SYSTEMPATH/BaseModel.php(577): CodeIgniter\Model->doFind(false, null)
 5 APPPATH/Models/GroupesModel.php(26): CodeIgniter\BaseModel->find()
 6 APPPATH/Controllers/Groupes.php(38): App\Models\GroupesModel->getEtudiantsByIdGroupes('36')
 7 SYSTEMPATH/CodeIgniter.php(941): App\Controllers\Groupes->choose()
 8 SYSTEMPATH/CodeIgniter.php(502): CodeIgniter\CodeIgniter->runController(Object(App\Controllers\Groupes))
 9 SYSTEMPATH/CodeIgniter.php(361): CodeIgniter\CodeIgniter->handleRequest(null, Object(Config\Cache), false)
10 FCPATH/index.php(79): CodeIgniter\CodeIgniter->run()
11 SYSTEMPATH/Commands/Server/rewrite.php(47): require_once('/Applications/MAMP/htdocs/S4/greenshift/public/index.php')
ERROR - 2024-02-20 09:59:47 --> Error connecting to the database: mysqli_sql_exception: Access denied for user ''@'localhost' (using password: NO) in /Applications/MAMP/htdocs/S4/greenshift/system/Database/MySQLi/Connection.php:184
Stack trace:
#0 /Applications/MAMP/htdocs/S4/greenshift/system/Database/MySQLi/Connection.php(184): mysqli->real_connect('localhost', '', Object(SensitiveParameterValue), '', 3306, '', 0)
#1 /Applications/MAMP/htdocs/S4/greenshift/system/Database/BaseConnection.php(392): CodeIgniter\Database\MySQLi\Connection->connect(false)
#2 /Applications/MAMP/htdocs/S4/greenshift/system/Database/BaseConnection.php(575): CodeIgniter\Database\BaseConnection->initialize()
#3 /Applications/MAMP/htdocs/S4/greenshift/system/Database/BaseBuilder.php(1616): CodeIgniter\Database\BaseConnection->query('SELECT *\nFROM `...', Array, false)
#4 /Applications/MAMP/htdocs/S4/greenshift/system/Model.php(202): CodeIgniter\Database\BaseBuilder->get()
#5 /Applications/MAMP/htdocs/S4/greenshift/system/BaseModel.php(577): CodeIgniter\Model->doFind(false, NULL)
#6 /Applications/MAMP/htdocs/S4/greenshift/app/Models/EtudiantsModel.php(15): CodeIgniter\BaseModel->find()
#7 /Applications/MAMP/htdocs/S4/greenshift/app/Controllers/Etudiants.php(16): App\Models\EtudiantsModel->getEtudiants()
#8 /Applications/MAMP/htdocs/S4/greenshift/system/CodeIgniter.php(941): App\Controllers\Etudiants->index()
#9 /Applications/MAMP/htdocs/S4/greenshift/system/CodeIgniter.php(502): CodeIgniter\CodeIgniter->runController(Object(App\Controllers\Etudiants))
#10 /Applications/MAMP/htdocs/S4/greenshift/system/CodeIgniter.php(361): CodeIgniter\CodeIgniter->handleRequest(NULL, Object(Config\Cache), false)
#11 /Applications/MAMP/htdocs/S4/greenshift/public/index.php(79): CodeIgniter\CodeIgniter->run()
#12 {main}

Next CodeIgniter\Database\Exceptions\DatabaseException: Access denied for user ''@'localhost' (using password: NO) in /Applications/MAMP/htdocs/S4/greenshift/system/Database/MySQLi/Connection.php:229
Stack trace:
#0 /Applications/MAMP/htdocs/S4/greenshift/system/Database/BaseConnection.php(392): CodeIgniter\Database\MySQLi\Connection->connect(false)
#1 /Applications/MAMP/htdocs/S4/greenshift/system/Database/BaseConnection.php(575): CodeIgniter\Database\BaseConnection->initialize()
#2 /Applications/MAMP/htdocs/S4/greenshift/system/Database/BaseBuilder.php(1616): CodeIgniter\Database\BaseConnection->query('SELECT *\nFROM `...', Array, false)
#3 /Applications/MAMP/htdocs/S4/greenshift/system/Model.php(202): CodeIgniter\Database\BaseBuilder->get()
#4 /Applications/MAMP/htdocs/S4/greenshift/system/BaseModel.php(577): CodeIgniter\Model->doFind(false, NULL)
#5 /Applications/MAMP/htdocs/S4/greenshift/app/Models/EtudiantsModel.php(15): CodeIgniter\BaseModel->find()
#6 /Applications/MAMP/htdocs/S4/greenshift/app/Controllers/Etudiants.php(16): App\Models\EtudiantsModel->getEtudiants()
#7 /Applications/MAMP/htdocs/S4/greenshift/system/CodeIgniter.php(941): App\Controllers\Etudiants->index()
#8 /Applications/MAMP/htdocs/S4/greenshift/system/CodeIgniter.php(502): CodeIgniter\CodeIgniter->runController(Object(App\Controllers\Etudiants))
#9 /Applications/MAMP/htdocs/S4/greenshift/system/CodeIgniter.php(361): CodeIgniter\CodeIgniter->handleRequest(NULL, Object(Config\Cache), false)
#10 /Applications/MAMP/htdocs/S4/greenshift/public/index.php(79): CodeIgniter\CodeIgniter->run()
#11 {main}
CRITICAL - 2024-02-20 09:59:47 --> CodeIgniter\Database\Exceptions\DatabaseException: Unable to connect to the database.
Main connection [MySQLi]: Access denied for user ''@'localhost' (using password: NO)
in SYSTEMPATH/Database/BaseConnection.php on line 428.
 1 SYSTEMPATH/Database/BaseConnection.php(575): CodeIgniter\Database\BaseConnection->initialize()
 2 SYSTEMPATH/Database/BaseBuilder.php(1616): CodeIgniter\Database\BaseConnection->query('SELECT *
FROM `etudiant`
ORDER BY `nom_etudiant` ASC', [], false)
 3 SYSTEMPATH/Model.php(202): CodeIgniter\Database\BaseBuilder->get()
 4 SYSTEMPATH/BaseModel.php(577): CodeIgniter\Model->doFind(false, null)
 5 APPPATH/Models/EtudiantsModel.php(15): CodeIgniter\BaseModel->find()
 6 APPPATH/Controllers/Etudiants.php(16): App\Models\EtudiantsModel->getEtudiants()
 7 SYSTEMPATH/CodeIgniter.php(941): App\Controllers\Etudiants->index()
 8 SYSTEMPATH/CodeIgniter.php(502): CodeIgniter\CodeIgniter->runController(Object(App\Controllers\Etudiants))
 9 SYSTEMPATH/CodeIgniter.php(361): CodeIgniter\CodeIgniter->handleRequest(null, Object(Config\Cache), false)
10 FCPATH/index.php(79): CodeIgniter\CodeIgniter->run()
ERROR - 2024-02-20 09:59:57 --> Error connecting to the database: mysqli_sql_exception: Access denied for user ''@'localhost' (using password: NO) in /Applications/MAMP/htdocs/S4/greenshift/system/Database/MySQLi/Connection.php:184
Stack trace:
#0 /Applications/MAMP/htdocs/S4/greenshift/system/Database/MySQLi/Connection.php(184): mysqli->real_connect('localhost', '', Object(SensitiveParameterValue), '', 3306, '', 0)
#1 /Applications/MAMP/htdocs/S4/greenshift/system/Database/BaseConnection.php(392): CodeIgniter\Database\MySQLi\Connection->connect(false)
#2 /Applications/MAMP/htdocs/S4/greenshift/system/Database/BaseConnection.php(575): CodeIgniter\Database\BaseConnection->initialize()
#3 /Applications/MAMP/htdocs/S4/greenshift/system/Database/BaseBuilder.php(1616): CodeIgniter\Database\BaseConnection->query('SELECT *\nFROM `...', Array, false)
#4 /Applications/MAMP/htdocs/S4/greenshift/system/Model.php(202): CodeIgniter\Database\BaseBuilder->get()
#5 /Applications/MAMP/htdocs/S4/greenshift/system/BaseModel.php(577): CodeIgniter\Model->doFind(false, NULL)
#6 /Applications/MAMP/htdocs/S4/greenshift/app/Models/GroupesModel.php(15): CodeIgniter\BaseModel->find()
#7 /Applications/MAMP/htdocs/S4/greenshift/app/Controllers/Groupes.php(16): App\Models\GroupesModel->getGroupes()
#8 /Applications/MAMP/htdocs/S4/greenshift/system/CodeIgniter.php(941): App\Controllers\Groupes->index()
#9 /Applications/MAMP/htdocs/S4/greenshift/system/CodeIgniter.php(502): CodeIgniter\CodeIgniter->runController(Object(App\Controllers\Groupes))
#10 /Applications/MAMP/htdocs/S4/greenshift/system/CodeIgniter.php(361): CodeIgniter\CodeIgniter->handleRequest(NULL, Object(Config\Cache), false)
#11 /Applications/MAMP/htdocs/S4/greenshift/public/index.php(79): CodeIgniter\CodeIgniter->run()
#12 {main}

Next CodeIgniter\Database\Exceptions\DatabaseException: Access denied for user ''@'localhost' (using password: NO) in /Applications/MAMP/htdocs/S4/greenshift/system/Database/MySQLi/Connection.php:229
Stack trace:
#0 /Applications/MAMP/htdocs/S4/greenshift/system/Database/BaseConnection.php(392): CodeIgniter\Database\MySQLi\Connection->connect(false)
#1 /Applications/MAMP/htdocs/S4/greenshift/system/Database/BaseConnection.php(575): CodeIgniter\Database\BaseConnection->initialize()
#2 /Applications/MAMP/htdocs/S4/greenshift/system/Database/BaseBuilder.php(1616): CodeIgniter\Database\BaseConnection->query('SELECT *\nFROM `...', Array, false)
#3 /Applications/MAMP/htdocs/S4/greenshift/system/Model.php(202): CodeIgniter\Database\BaseBuilder->get()
#4 /Applications/MAMP/htdocs/S4/greenshift/system/BaseModel.php(577): CodeIgniter\Model->doFind(false, NULL)
#5 /Applications/MAMP/htdocs/S4/greenshift/app/Models/GroupesModel.php(15): CodeIgniter\BaseModel->find()
#6 /Applications/MAMP/htdocs/S4/greenshift/app/Controllers/Groupes.php(16): App\Models\GroupesModel->getGroupes()
#7 /Applications/MAMP/htdocs/S4/greenshift/system/CodeIgniter.php(941): App\Controllers\Groupes->index()
#8 /Applications/MAMP/htdocs/S4/greenshift/system/CodeIgniter.php(502): CodeIgniter\CodeIgniter->runController(Object(App\Controllers\Groupes))
#9 /Applications/MAMP/htdocs/S4/greenshift/system/CodeIgniter.php(361): CodeIgniter\CodeIgniter->handleRequest(NULL, Object(Config\Cache), false)
#10 /Applications/MAMP/htdocs/S4/greenshift/public/index.php(79): CodeIgniter\CodeIgniter->run()
#11 {main}
CRITICAL - 2024-02-20 09:59:57 --> CodeIgniter\Database\Exceptions\DatabaseException: Unable to connect to the database.
Main connection [MySQLi]: Access denied for user ''@'localhost' (using password: NO)
in SYSTEMPATH/Database/BaseConnection.php on line 428.
 1 SYSTEMPATH/Database/BaseConnection.php(575): CodeIgniter\Database\BaseConnection->initialize()
 2 SYSTEMPATH/Database/BaseBuilder.php(1616): CodeIgniter\Database\BaseConnection->query('SELECT *
FROM `groupe`
ORDER BY `libelle_groupe` ASC', [], false)
 3 SYSTEMPATH/Model.php(202): CodeIgniter\Database\BaseBuilder->get()
 4 SYSTEMPATH/BaseModel.php(577): CodeIgniter\Model->doFind(false, null)
 5 APPPATH/Models/GroupesModel.php(15): CodeIgniter\BaseModel->find()
 6 APPPATH/Controllers/Groupes.php(16): App\Models\GroupesModel->getGroupes()
 7 SYSTEMPATH/CodeIgniter.php(941): App\Controllers\Groupes->index()
 8 SYSTEMPATH/CodeIgniter.php(502): CodeIgniter\CodeIgniter->runController(Object(App\Controllers\Groupes))
 9 SYSTEMPATH/CodeIgniter.php(361): CodeIgniter\CodeIgniter->handleRequest(null, Object(Config\Cache), false)
10 FCPATH/index.php(79): CodeIgniter\CodeIgniter->run()
ERROR - 2024-02-20 09:59:59 --> Error connecting to the database: mysqli_sql_exception: Access denied for user ''@'localhost' (using password: NO) in /Applications/MAMP/htdocs/S4/greenshift/system/Database/MySQLi/Connection.php:184
Stack trace:
#0 /Applications/MAMP/htdocs/S4/greenshift/system/Database/MySQLi/Connection.php(184): mysqli->real_connect('localhost', '', Object(SensitiveParameterValue), '', 3306, '', 0)
#1 /Applications/MAMP/htdocs/S4/greenshift/system/Database/BaseConnection.php(392): CodeIgniter\Database\MySQLi\Connection->connect(false)
#2 /Applications/MAMP/htdocs/S4/greenshift/system/Database/BaseConnection.php(575): CodeIgniter\Database\BaseConnection->initialize()
#3 /Applications/MAMP/htdocs/S4/greenshift/system/Database/BaseBuilder.php(1616): CodeIgniter\Database\BaseConnection->query('SELECT *\nFROM `...', Array, false)
#4 /Applications/MAMP/htdocs/S4/greenshift/system/Model.php(202): CodeIgniter\Database\BaseBuilder->get()
#5 /Applications/MAMP/htdocs/S4/greenshift/system/BaseModel.php(577): CodeIgniter\Model->doFind(false, NULL)
#6 /Applications/MAMP/htdocs/S4/greenshift/app/Models/EtudiantsModel.php(15): CodeIgniter\BaseModel->find()
#7 /Applications/MAMP/htdocs/S4/greenshift/app/Controllers/Etudiants.php(16): App\Models\EtudiantsModel->getEtudiants()
#8 /Applications/MAMP/htdocs/S4/greenshift/system/CodeIgniter.php(941): App\Controllers\Etudiants->index()
#9 /Applications/MAMP/htdocs/S4/greenshift/system/CodeIgniter.php(502): CodeIgniter\CodeIgniter->runController(Object(App\Controllers\Etudiants))
#10 /Applications/MAMP/htdocs/S4/greenshift/system/CodeIgniter.php(361): CodeIgniter\CodeIgniter->handleRequest(NULL, Object(Config\Cache), false)
#11 /Applications/MAMP/htdocs/S4/greenshift/public/index.php(79): CodeIgniter\CodeIgniter->run()
#12 {main}

Next CodeIgniter\Database\Exceptions\DatabaseException: Access denied for user ''@'localhost' (using password: NO) in /Applications/MAMP/htdocs/S4/greenshift/system/Database/MySQLi/Connection.php:229
Stack trace:
#0 /Applications/MAMP/htdocs/S4/greenshift/system/Database/BaseConnection.php(392): CodeIgniter\Database\MySQLi\Connection->connect(false)
#1 /Applications/MAMP/htdocs/S4/greenshift/system/Database/BaseConnection.php(575): CodeIgniter\Database\BaseConnection->initialize()
#2 /Applications/MAMP/htdocs/S4/greenshift/system/Database/BaseBuilder.php(1616): CodeIgniter\Database\BaseConnection->query('SELECT *\nFROM `...', Array, false)
#3 /Applications/MAMP/htdocs/S4/greenshift/system/Model.php(202): CodeIgniter\Database\BaseBuilder->get()
#4 /Applications/MAMP/htdocs/S4/greenshift/system/BaseModel.php(577): CodeIgniter\Model->doFind(false, NULL)
#5 /Applications/MAMP/htdocs/S4/greenshift/app/Models/EtudiantsModel.php(15): CodeIgniter\BaseModel->find()
#6 /Applications/MAMP/htdocs/S4/greenshift/app/Controllers/Etudiants.php(16): App\Models\EtudiantsModel->getEtudiants()
#7 /Applications/MAMP/htdocs/S4/greenshift/system/CodeIgniter.php(941): App\Controllers\Etudiants->index()
#8 /Applications/MAMP/htdocs/S4/greenshift/system/CodeIgniter.php(502): CodeIgniter\CodeIgniter->runController(Object(App\Controllers\Etudiants))
#9 /Applications/MAMP/htdocs/S4/greenshift/system/CodeIgniter.php(361): CodeIgniter\CodeIgniter->handleRequest(NULL, Object(Config\Cache), false)
#10 /Applications/MAMP/htdocs/S4/greenshift/public/index.php(79): CodeIgniter\CodeIgniter->run()
#11 {main}
CRITICAL - 2024-02-20 09:59:59 --> CodeIgniter\Database\Exceptions\DatabaseException: Unable to connect to the database.
Main connection [MySQLi]: Access denied for user ''@'localhost' (using password: NO)
in SYSTEMPATH/Database/BaseConnection.php on line 428.
 1 SYSTEMPATH/Database/BaseConnection.php(575): CodeIgniter\Database\BaseConnection->initialize()
 2 SYSTEMPATH/Database/BaseBuilder.php(1616): CodeIgniter\Database\BaseConnection->query('SELECT *
FROM `etudiant`
ORDER BY `nom_etudiant` ASC', [], false)
 3 SYSTEMPATH/Model.php(202): CodeIgniter\Database\BaseBuilder->get()
 4 SYSTEMPATH/BaseModel.php(577): CodeIgniter\Model->doFind(false, null)
 5 APPPATH/Models/EtudiantsModel.php(15): CodeIgniter\BaseModel->find()
 6 APPPATH/Controllers/Etudiants.php(16): App\Models\EtudiantsModel->getEtudiants()
 7 SYSTEMPATH/CodeIgniter.php(941): App\Controllers\Etudiants->index()
 8 SYSTEMPATH/CodeIgniter.php(502): CodeIgniter\CodeIgniter->runController(Object(App\Controllers\Etudiants))
 9 SYSTEMPATH/CodeIgniter.php(361): CodeIgniter\CodeIgniter->handleRequest(null, Object(Config\Cache), false)
10 FCPATH/index.php(79): CodeIgniter\CodeIgniter->run()
